TN:
SF:/home/jan/cwiczenie4/domowe/crud.js
FN:14,(anonymous_0)
FN:17,(anonymous_1)
FN:59,createTableSubject
FN:77,createTableTeacher
FN:98,addStudent
FN:99,(anonymous_5)
FN:104,readSubject
FN:105,(anonymous_7)
FN:113,deleteStudent
FN:119,(anonymous_9)
FN:125,updateStudent
FN:130,(anonymous_11)
FN:137,(anonymous_12)
FN:142,crud
FN:151,crudSubject
FN:169,addGrade
FN:170,(anonymous_16)
FN:175,readTeacher
FN:176,(anonymous_18)
FN:184,deleteGrade
FN:192,(anonymous_20)
FN:198,updateGrade
FN:206,(anonymous_22)
FN:212,crudTeacher
FN:247,reload
FN:276,(anonymous_25)
FNF:26
FNH:7
FNDA:1,(anonymous_0)
FNDA:0,(anonymous_1)
FNDA:0,createTableSubject
FNDA:0,createTableTeacher
FNDA:3,addStudent
FNDA:0,(anonymous_5)
FNDA:0,readSubject
FNDA:0,(anonymous_7)
FNDA:1,deleteStudent
FNDA:0,(anonymous_9)
FNDA:1,updateStudent
FNDA:0,(anonymous_11)
FNDA:0,(anonymous_12)
FNDA:0,crud
FNDA:0,crudSubject
FNDA:3,addGrade
FNDA:0,(anonymous_16)
FNDA:0,readTeacher
FNDA:0,(anonymous_18)
FNDA:1,deleteGrade
FNDA:0,(anonymous_20)
FNDA:1,updateGrade
FNDA:0,(anonymous_22)
FNDA:0,crudTeacher
FNDA:0,reload
FNDA:0,(anonymous_25)
DA:2,1
DA:3,1
DA:4,1
DA:5,1
DA:6,1
DA:10,1
DA:12,1
DA:15,1
DA:18,0
DA:21,1
DA:23,1
DA:39,1
DA:57,1
DA:60,0
DA:61,0
DA:62,0
DA:63,0
DA:64,0
DA:65,0
DA:66,0
DA:67,0
DA:68,0
DA:69,0
DA:70,0
DA:71,0
DA:72,0
DA:74,0
DA:78,0
DA:79,0
DA:80,0
DA:81,0
DA:82,0
DA:83,0
DA:84,0
DA:85,0
DA:86,0
DA:87,0
DA:88,0
DA:89,0
DA:90,0
DA:91,0
DA:92,0
DA:93,0
DA:95,0
DA:98,1
DA:99,3
DA:100,0
DA:105,0
DA:106,0
DA:107,0
DA:108,0
DA:113,1
DA:114,1
DA:120,0
DA:122,1
DA:125,1
DA:126,1
DA:131,0
DA:133,1
DA:138,0
DA:143,0
DA:144,0
DA:146,0
DA:147,0
DA:152,0
DA:153,0
DA:154,0
DA:156,0
DA:157,0
DA:159,0
DA:160,0
DA:161,0
DA:163,0
DA:164,0
DA:165,0
DA:169,1
DA:170,3
DA:171,0
DA:176,0
DA:177,0
DA:178,0
DA:179,0
DA:184,1
DA:185,1
DA:193,0
DA:195,1
DA:198,1
DA:199,1
DA:207,0
DA:213,0
DA:214,0
DA:215,0
DA:217,0
DA:218,0
DA:220,0
DA:221,0
DA:222,0
DA:224,0
DA:225,0
DA:226,0
DA:248,0
DA:249,0
DA:251,0
DA:252,0
DA:253,0
DA:254,0
DA:255,0
DA:256,0
DA:257,0
DA:258,0
DA:259,0
DA:260,0
DA:261,0
DA:262,0
DA:263,0
DA:264,0
DA:265,0
DA:266,0
DA:267,0
DA:268,0
DA:276,1
DA:286,0
DA:287,0
DA:288,0
DA:290,0
DA:291,0
DA:292,0
DA:293,0
DA:294,0
DA:295,0
DA:296,0
DA:297,0
DA:298,0
DA:299,0
DA:300,0
DA:306,0
DA:307,0
DA:309,0
DA:310,0
DA:311,0
DA:312,0
DA:313,0
DA:314,0
DA:315,0
DA:316,0
DA:317,0
DA:318,0
DA:319,0
DA:320,0
DA:321,0
DA:322,0
DA:323,0
DA:324,0
DA:325,0
DA:326,0
DA:327,0
DA:330,1
DA:331,1
LF:158
LH:30
BRDA:143,0,0,0
BRDA:143,0,1,0
BRDA:146,1,0,0
BRDA:146,1,1,0
BRDA:152,2,0,0
BRDA:152,2,1,0
BRDA:156,3,0,0
BRDA:156,3,1,0
BRDA:159,4,0,0
BRDA:159,4,1,0
BRDA:163,5,0,0
BRDA:163,5,1,0
BRDA:213,6,0,0
BRDA:213,6,1,0
BRDA:217,7,0,0
BRDA:217,7,1,0
BRDA:220,8,0,0
BRDA:220,8,1,0
BRDA:224,9,0,0
BRDA:224,9,1,0
BRDA:290,10,0,0
BRDA:290,10,1,0
BRDA:298,11,0,0
BRDA:298,11,1,0
BRF:24
BRH:0
end_of_record
TN:
SF:/home/jan/cwiczenie4/domowe/server.js
FN:9,parseData
FN:34,createTable
FN:57,checkHTML
FN:58,(anonymous_3)
FN:69,checkJSON
FN:70,(anonymous_5)
FN:82,check
FN:92,(anonymous_7)
FNF:8
FNH:0
FNDA:0,parseData
FNDA:0,createTable
FNDA:0,checkHTML
FNDA:0,(anonymous_3)
FNDA:0,checkJSON
FNDA:0,(anonymous_5)
FNDA:0,check
FNDA:0,(anonymous_7)
DA:2,0
DA:3,0
DA:4,0
DA:6,0
DA:10,0
DA:11,0
DA:12,0
DA:13,0
DA:14,0
DA:15,0
DA:16,0
DA:17,0
DA:19,0
DA:22,0
DA:26,0
DA:27,0
DA:29,0
DA:35,0
DA:36,0
DA:37,0
DA:38,0
DA:39,0
DA:40,0
DA:41,0
DA:42,0
DA:43,0
DA:44,0
DA:45,0
DA:46,0
DA:47,0
DA:48,0
DA:50,0
DA:51,0
DA:58,0
DA:59,0
DA:60,0
DA:61,0
DA:63,0
DA:65,0
DA:70,0
DA:71,0
DA:72,0
DA:73,0
DA:74,0
DA:76,0
DA:78,0
DA:83,0
DA:84,0
DA:85,0
DA:86,0
DA:92,0
DA:102,0
DA:103,0
DA:104,0
DA:106,0
DA:107,0
DA:108,0
DA:109,0
DA:110,0
DA:111,0
DA:112,0
DA:113,0
DA:116,0
DA:117,0
DA:119,0
DA:120,0
DA:121,0
DA:122,0
DA:123,0
DA:124,0
DA:125,0
DA:126,0
DA:127,0
DA:128,0
DA:129,0
DA:130,0
DA:131,0
DA:132,0
DA:135,0
DA:136,0
LF:80
LH:0
BRDA:13,0,0,0
BRDA:13,0,1,0
BRDA:15,1,0,0
BRDA:15,1,1,0
BRDA:59,2,0,0
BRDA:59,2,1,0
BRDA:71,3,0,0
BRDA:71,3,1,0
BRDA:83,4,0,0
BRDA:83,4,1,0
BRDA:85,5,0,0
BRDA:85,5,1,0
BRDA:106,6,0,0
BRDA:106,6,1,0
BRF:14
BRH:0
end_of_record
